<?xml version="1.0" encoding="UTF-8"?>
<testng-results ignored="0" total="31" passed="29" failed="2" skipped="0">
  <reporter-output>
  </reporter-output>
  <suite started-at="2024-02-07T23:16:56 IST" name="All Test Suite" finished-at="2024-02-07T23:17:46 IST" duration-ms="49581">
    <groups>
    </groups>
    <test started-at="2024-02-07T23:16:56 IST" name="src/test/java" finished-at="2024-02-07T23:17:46 IST" duration-ms="49581">
      <class name="TestNgExamineReceiptEndToEnd">
        <test-method is-config="true" signature="setup(org.testng.ITestContext,java.lang.String)[pri:0, instance:TestNgExamineReceiptEndToEnd@49798e84]" started-at="2024-02-07T23:17:35 IST" name="setup" finished-at="2024-02-07T23:17:37 IST" duration-ms="2022" status="PASS">
          <params>
            <param index="0">
              <value>
                <![CDATA[org.testng.TestRunner@4af2f991]]>
              </value>
            </param>
            <param index="1">
              <value>
                <![CDATA[Chrome]]>
              </value>
            </param>
          </params>
          <reporter-output>
          </reporter-output>
        </test-method> <!-- setup -->
        <test-method signature="tc01_CheakOrderFinish([Ljava.lang.String;)[pri:0, instance:TestNgExamineReceiptEndToEnd@49798e84]" started-at="2024-02-07T23:17:37 IST" name="tc01_CheakOrderFinish" description="Complete a full process of buying a product from start to end" data-provider="getProductsName" finished-at="2024-02-07T23:17:38 IST" duration-ms="1134" status="PASS">
          <params>
            <param index="0">
              <value>
                <![CDATA[[Ljava.lang.String;@256edef4]]>
              </value>
            </param>
          </params>
          <reporter-output>
          </reporter-output>
        </test-method> <!-- tc01_CheakOrderFinish -->
        <test-method is-config="true" signature="end()[pri:0, instance:TestNgExamineReceiptEndToEnd@49798e84]" started-at="2024-02-07T23:17:38 IST" name="end" finished-at="2024-02-07T23:17:39 IST" duration-ms="1004" status="PASS">
          <reporter-output>
          </reporter-output>
        </test-method> <!-- end -->
        <test-method is-config="true" signature="tearDown()[pri:0, instance:TestNgExamineReceiptEndToEnd@49798e84]" started-at="2024-02-07T23:17:39 IST" name="tearDown" finished-at="2024-02-07T23:17:39 IST" duration-ms="126" status="PASS">
          <reporter-output>
          </reporter-output>
        </test-method> <!-- tearDown -->
      </class> <!-- TestNgExamineReceiptEndToEnd -->
      <class name="TestNgCheckOutRelability">
        <test-method is-config="true" signature="setup(org.testng.ITestContext,java.lang.String)[pri:0, instance:TestNgCheckOutRelability@47e4d9d0]" started-at="2024-02-07T23:17:31 IST" name="setup" finished-at="2024-02-07T23:17:33 IST" duration-ms="2076" status="PASS">
          <params>
            <param index="0">
              <value>
                <![CDATA[org.testng.TestRunner@4af2f991]]>
              </value>
            </param>
            <param index="1">
              <value>
                <![CDATA[Chrome]]>
              </value>
            </param>
          </params>
          <reporter-output>
          </reporter-output>
        </test-method> <!-- setup -->
        <test-method signature="tc01_checkProducts([Ljava.lang.String;)[pri:0, instance:TestNgCheckOutRelability@47e4d9d0]" started-at="2024-02-07T23:17:33 IST" name="tc01_checkProducts" description="Check that the products ordered are exactly the ones inside the receipt " data-provider="getProductsName" finished-at="2024-02-07T23:17:34 IST" duration-ms="1226" status="PASS">
          <params>
            <param index="0">
              <value>
                <![CDATA[[Ljava.lang.String;@2c66be14]]>
              </value>
            </param>
          </params>
          <reporter-output>
          </reporter-output>
        </test-method> <!-- tc01_checkProducts -->
        <test-method signature="tc02_checkPrice()[pri:0, instance:TestNgCheckOutRelability@47e4d9d0]" started-at="2024-02-07T23:17:34 IST" name="tc02_checkPrice" description="Check that the final cost is correct" finished-at="2024-02-07T23:17:35 IST" duration-ms="711" status="PASS">
          <reporter-output>
          </reporter-output>
        </test-method> <!-- tc02_checkPrice -->
        <test-method is-config="true" signature="tearDown()[pri:0, instance:TestNgCheckOutRelability@47e4d9d0]" started-at="2024-02-07T23:17:35 IST" name="tearDown" finished-at="2024-02-07T23:17:35 IST" duration-ms="114" status="PASS">
          <reporter-output>
          </reporter-output>
        </test-method> <!-- tearDown -->
      </class> <!-- TestNgCheckOutRelability -->
      <class name="TestNgMenu">
        <test-method is-config="true" signature="setup(org.testng.ITestContext,java.lang.String)[pri:0, instance:TestNgMenu@51b1a8f6]" started-at="2024-02-07T23:17:17 IST" name="setup" finished-at="2024-02-07T23:17:19 IST" duration-ms="2057" status="PASS">
          <params>
            <param index="0">
              <value>
                <![CDATA[org.testng.TestRunner@4af2f991]]>
              </value>
            </param>
            <param index="1">
              <value>
                <![CDATA[Chrome]]>
              </value>
            </param>
          </params>
          <reporter-output>
          </reporter-output>
        </test-method> <!-- setup -->
        <test-method signature="ct05_cleanCartFromProductDetails()[pri:0, instance:TestNgMenu@51b1a8f6]" started-at="2024-02-07T23:17:19 IST" name="ct05_cleanCartFromProductDetails" description="Verify cleaning cart from Product Details" finished-at="2024-02-07T23:17:20 IST" duration-ms="1363" status="PASS">
          <reporter-output>
          </reporter-output>
        </test-method> <!-- ct05_cleanCartFromProductDetails -->
        <test-method signature="tc01_goToAllItemsFromCart()[pri:0, instance:TestNgMenu@51b1a8f6]" started-at="2024-02-07T23:17:20 IST" name="tc01_goToAllItemsFromCart" description="Verify navigating from Cart to All Items" finished-at="2024-02-07T23:17:21 IST" duration-ms="825" status="PASS">
          <reporter-output>
          </reporter-output>
        </test-method> <!-- tc01_goToAllItemsFromCart -->
        <test-method signature="tc02_goToAllItemsFromProductDetails()[pri:0, instance:TestNgMenu@51b1a8f6]" started-at="2024-02-07T23:17:21 IST" name="tc02_goToAllItemsFromProductDetails" description="Verify navigating from Product Details to All Items" finished-at="2024-02-07T23:17:22 IST" duration-ms="815" status="PASS">
          <reporter-output>
          </reporter-output>
        </test-method> <!-- tc02_goToAllItemsFromProductDetails -->
        <test-method signature="tc03_goToAllItemsFromProducts()[pri:0, instance:TestNgMenu@51b1a8f6]" started-at="2024-02-07T23:17:22 IST" name="tc03_goToAllItemsFromProducts" description="Verify navigating to All Items from Products" finished-at="2024-02-07T23:17:22 IST" duration-ms="39" status="PASS">
          <reporter-output>
          </reporter-output>
        </test-method> <!-- tc03_goToAllItemsFromProducts -->
        <test-method signature="tc04_cleanCartFromFromCartPage()[pri:0, instance:TestNgMenu@51b1a8f6]" started-at="2024-02-07T23:17:22 IST" name="tc04_cleanCartFromFromCartPage" description="Verify cleaning cart from Cart Page" finished-at="2024-02-07T23:17:23 IST" duration-ms="1153" status="PASS">
          <reporter-output>
          </reporter-output>
        </test-method> <!-- tc04_cleanCartFromFromCartPage -->
        <test-method signature="tc06_logOutFromCart()[pri:0, instance:TestNgMenu@51b1a8f6]" started-at="2024-02-07T23:17:23 IST" name="tc06_logOutFromCart" description="Verify logout functionality from Cart" finished-at="2024-02-07T23:17:24 IST" duration-ms="783" status="PASS">
          <reporter-output>
          </reporter-output>
        </test-method> <!-- tc06_logOutFromCart -->
        <test-method signature="tc07_logOutFromProductDetails()[pri:0, instance:TestNgMenu@51b1a8f6]" started-at="2024-02-07T23:17:24 IST" name="tc07_logOutFromProductDetails" description="Verify logout functionality from Product Details" finished-at="2024-02-07T23:17:25 IST" duration-ms="1151" status="PASS">
          <reporter-output>
          </reporter-output>
        </test-method> <!-- tc07_logOutFromProductDetails -->
        <test-method signature="tc08_logOutFromProducts()[pri:0, instance:TestNgMenu@51b1a8f6]" started-at="2024-02-07T23:17:25 IST" name="tc08_logOutFromProducts" description="Verify logout functionality from Products" finished-at="2024-02-07T23:17:26 IST" duration-ms="1089" status="PASS">
          <reporter-output>
          </reporter-output>
        </test-method> <!-- tc08_logOutFromProducts -->
        <test-method is-config="true" signature="tearDown()[pri:0, instance:TestNgMenu@51b1a8f6]" started-at="2024-02-07T23:17:26 IST" name="tearDown" finished-at="2024-02-07T23:17:26 IST" duration-ms="115" status="PASS">
          <reporter-output>
          </reporter-output>
        </test-method> <!-- tearDown -->
      </class> <!-- TestNgMenu -->
      <class name="TestNgSort">
        <test-method is-config="true" signature="setup(org.testng.ITestContext,java.lang.String)[pri:0, instance:TestNgSort@7573e12f]" started-at="2024-02-07T23:17:13 IST" name="setup" finished-at="2024-02-07T23:17:15 IST" duration-ms="2088" status="PASS">
          <params>
            <param index="0">
              <value>
                <![CDATA[org.testng.TestRunner@4af2f991]]>
              </value>
            </param>
            <param index="1">
              <value>
                <![CDATA[Chrome]]>
              </value>
            </param>
          </params>
          <reporter-output>
          </reporter-output>
        </test-method> <!-- setup -->
        <test-method signature="tc01_sortProductsByName(java.lang.String)[pri:0, instance:TestNgSort@7573e12f]" started-at="2024-02-07T23:17:15 IST" name="tc01_sortProductsByName" description="As a User when I Sort The Products By Their Names. alphbetical and reverse" data-provider="getNamesCriterion" finished-at="2024-02-07T23:17:16 IST" duration-ms="341" status="PASS">
          <params>
            <param index="0">
              <value>
                <![CDATA[Name]]>
              </value>
            </param>
          </params>
          <reporter-output>
          </reporter-output>
        </test-method> <!-- tc01_sortProductsByName -->
        <test-method signature="tc01_sortProductsByName(java.lang.String)[pri:0, instance:TestNgSort@7573e12f]" started-at="2024-02-07T23:17:16 IST" name="tc01_sortProductsByName" description="As a User when I Sort The Products By Their Names. alphbetical and reverse" data-provider="getNamesCriterion" finished-at="2024-02-07T23:17:16 IST" duration-ms="249" status="PASS">
          <params>
            <param index="0">
              <value>
                <![CDATA[NameRev]]>
              </value>
            </param>
          </params>
          <reporter-output>
          </reporter-output>
        </test-method> <!-- tc01_sortProductsByName -->
        <test-method signature="tc02_sortProductsByPrice(java.lang.String)[pri:0, instance:TestNgSort@7573e12f]" started-at="2024-02-07T23:17:16 IST" name="tc02_sortProductsByPrice" description="As a User when I Sort The Products By Their Price. from high lo low and from low to high" data-provider="getPriceCriterion" finished-at="2024-02-07T23:17:16 IST" duration-ms="243" status="PASS">
          <params>
            <param index="0">
              <value>
                <![CDATA[Price]]>
              </value>
            </param>
          </params>
          <reporter-output>
          </reporter-output>
        </test-method> <!-- tc02_sortProductsByPrice -->
        <test-method signature="tc02_sortProductsByPrice(java.lang.String)[pri:0, instance:TestNgSort@7573e12f]" started-at="2024-02-07T23:17:16 IST" name="tc02_sortProductsByPrice" description="As a User when I Sort The Products By Their Price. from high lo low and from low to high" data-provider="getPriceCriterion" finished-at="2024-02-07T23:17:16 IST" duration-ms="239" status="PASS">
          <params>
            <param index="0">
              <value>
                <![CDATA[PriceRev]]>
              </value>
            </param>
          </params>
          <reporter-output>
          </reporter-output>
        </test-method> <!-- tc02_sortProductsByPrice -->
        <test-method is-config="true" signature="tearDown()[pri:0, instance:TestNgSort@7573e12f]" started-at="2024-02-07T23:17:16 IST" name="tearDown" finished-at="2024-02-07T23:17:17 IST" duration-ms="135" status="PASS">
          <reporter-output>
          </reporter-output>
        </test-method> <!-- tearDown -->
      </class> <!-- TestNgSort -->
      <class name="TestNgCheckOutFunctionality">
        <test-method is-config="true" signature="setup(org.testng.ITestContext,java.lang.String)[pri:0, instance:TestNgCheckOutFunctionality@1948ea69]" started-at="2024-02-07T23:17:26 IST" name="setup" finished-at="2024-02-07T23:17:28 IST" duration-ms="2047" status="PASS">
          <params>
            <param index="0">
              <value>
                <![CDATA[org.testng.TestRunner@4af2f991]]>
              </value>
            </param>
            <param index="1">
              <value>
                <![CDATA[Chrome]]>
              </value>
            </param>
          </params>
          <reporter-output>
          </reporter-output>
        </test-method> <!-- setup -->
        <test-method is-config="true" signature="createCartWithProducts()[pri:0, instance:TestNgCheckOutFunctionality@1948ea69]" started-at="2024-02-07T23:17:28 IST" name="createCartWithProducts" finished-at="2024-02-07T23:17:28 IST" duration-ms="344" status="PASS">
          <reporter-output>
          </reporter-output>
        </test-method> <!-- createCartWithProducts -->
        <test-method signature="tc01_wrongCheckout()[pri:0, instance:TestNgCheckOutFunctionality@1948ea69]" started-at="2024-02-07T23:17:28 IST" name="tc01_wrongCheckout" description="User cannot proceed with checkout without providing a First Name" finished-at="2024-02-07T23:17:29 IST" duration-ms="549" status="PASS">
          <reporter-output>
          </reporter-output>
        </test-method> <!-- tc01_wrongCheckout -->
        <test-method signature="tc02_wrongCheckout()[pri:0, instance:TestNgCheckOutFunctionality@1948ea69]" started-at="2024-02-07T23:17:29 IST" name="tc02_wrongCheckout" description="User cannot proceed with checkout without providing a Last Name" finished-at="2024-02-07T23:17:29 IST" duration-ms="496" status="PASS">
          <reporter-output>
          </reporter-output>
        </test-method> <!-- tc02_wrongCheckout -->
        <test-method signature="tc03_wrongCheckout()[pri:0, instance:TestNgCheckOutFunctionality@1948ea69]" started-at="2024-02-07T23:17:29 IST" name="tc03_wrongCheckout" description="User cannot proceed with checkout without providing a Zip Code" finished-at="2024-02-07T23:17:30 IST" duration-ms="509" status="PASS">
          <reporter-output>
          </reporter-output>
        </test-method> <!-- tc03_wrongCheckout -->
        <test-method signature="tc04_correctCheckout()[pri:0, instance:TestNgCheckOutFunctionality@1948ea69]" started-at="2024-02-07T23:17:30 IST" name="tc04_correctCheckout" description="User successfully completes the checkout process" finished-at="2024-02-07T23:17:31 IST" duration-ms="540" status="PASS">
          <reporter-output>
          </reporter-output>
        </test-method> <!-- tc04_correctCheckout -->
        <test-method is-config="true" signature="tearDown()[pri:0, instance:TestNgCheckOutFunctionality@1948ea69]" started-at="2024-02-07T23:17:31 IST" name="tearDown" finished-at="2024-02-07T23:17:31 IST" duration-ms="114" status="PASS">
          <reporter-output>
          </reporter-output>
        </test-method> <!-- tearDown -->
      </class> <!-- TestNgCheckOutFunctionality -->
      <class name="TestNglogIn">
        <test-method is-config="true" signature="setup(org.testng.ITestContext,java.lang.String)[pri:0, instance:TestNglogIn@769a58e5]" started-at="2024-02-07T23:16:56 IST" name="setup" finished-at="2024-02-07T23:17:02 IST" duration-ms="5619" status="PASS">
          <params>
            <param index="0">
              <value>
                <![CDATA[org.testng.TestRunner@4af2f991]]>
              </value>
            </param>
            <param index="1">
              <value>
                <![CDATA[Chrome]]>
              </value>
            </param>
          </params>
          <reporter-output>
          </reporter-output>
        </test-method> <!-- setup -->
        <test-method signature="tc01_failedTestScenario()[pri:0, instance:TestNglogIn@769a58e5]" started-at="2024-02-07T23:17:02 IST" name="tc01_failedTestScenario" description="Verify Appropriate message for applying only password" finished-at="2024-02-07T23:17:03 IST" duration-ms="957" status="PASS">
          <reporter-output>
          </reporter-output>
        </test-method> <!-- tc01_failedTestScenario -->
        <test-method signature="tc02_failedTestScenario()[pri:0, instance:TestNglogIn@769a58e5]" started-at="2024-02-07T23:17:03 IST" name="tc02_failedTestScenario" description="Verify Appropriate message for applying only userName" finished-at="2024-02-07T23:17:04 IST" duration-ms="412" status="PASS">
          <reporter-output>
          </reporter-output>
        </test-method> <!-- tc02_failedTestScenario -->
        <test-method signature="tc03_failedTestScenario(java.lang.String,java.lang.String)[pri:0, instance:TestNglogIn@769a58e5]" started-at="2024-02-07T23:17:04 IST" name="tc03_failedTestScenario" description="Verify Appropriate message for applying wrong email or username" data-provider="getData" finished-at="2024-02-07T23:17:04 IST" duration-ms="459" status="PASS">
          <params>
            <param index="0">
              <value>
                <![CDATA[user1]]>
              </value>
            </param>
            <param index="1">
              <value>
                <![CDATA[123]]>
              </value>
            </param>
          </params>
          <reporter-output>
          </reporter-output>
        </test-method> <!-- tc03_failedTestScenario -->
        <test-method signature="tc03_failedTestScenario(java.lang.String,java.lang.String)[pri:0, instance:TestNglogIn@769a58e5]" started-at="2024-02-07T23:17:04 IST" name="tc03_failedTestScenario" description="Verify Appropriate message for applying wrong email or username" data-provider="getData" finished-at="2024-02-07T23:17:04 IST" duration-ms="449" status="PASS">
          <params>
            <param index="0">
              <value>
                <![CDATA[gal]]>
              </value>
            </param>
            <param index="1">
              <value>
                <![CDATA[123456878]]>
              </value>
            </param>
          </params>
          <reporter-output>
          </reporter-output>
        </test-method> <!-- tc03_failedTestScenario -->
        <test-method signature="tc04_successLogin()[pri:0, instance:TestNglogIn@769a58e5]" started-at="2024-02-07T23:17:04 IST" name="tc04_successLogin" description="Verify successful login with correct login information" finished-at="2024-02-07T23:17:05 IST" duration-ms="442" status="PASS">
          <reporter-output>
          </reporter-output>
        </test-method> <!-- tc04_successLogin -->
        <test-method is-config="true" signature="tearDown()[pri:0, instance:TestNglogIn@769a58e5]" started-at="2024-02-07T23:17:05 IST" name="tearDown" finished-at="2024-02-07T23:17:05 IST" duration-ms="140" status="PASS">
          <reporter-output>
          </reporter-output>
        </test-method> <!-- tearDown -->
      </class> <!-- TestNglogIn -->
      <class name="TestNgAddProducts">
        <test-method is-config="true" signature="setup(org.testng.ITestContext,java.lang.String)[pri:0, instance:TestNgAddProducts@3015db78]" started-at="2024-02-07T23:17:39 IST" name="setup" finished-at="2024-02-07T23:17:41 IST" duration-ms="2037" status="PASS">
          <params>
            <param index="0">
              <value>
                <![CDATA[org.testng.TestRunner@4af2f991]]>
              </value>
            </param>
            <param index="1">
              <value>
                <![CDATA[Chrome]]>
              </value>
            </param>
          </params>
          <reporter-output>
          </reporter-output>
        </test-method> <!-- setup -->
        <test-method signature="tc01_addOneProduct(java.lang.String)[pri:0, instance:TestNgAddProducts@3015db78]" started-at="2024-02-07T23:17:43 IST" name="tc01_addOneProduct" description="Verify adding a product to the cart through main products page" data-provider="getProductNameFromExcel" finished-at="2024-02-07T23:17:44 IST" duration-ms="1139" status="PASS">
          <params>
            <param index="0">
              <value>
                <![CDATA[Sauce Labs Onesie]]>
              </value>
            </param>
          </params>
          <reporter-output>
          </reporter-output>
        </test-method> <!-- tc01_addOneProduct -->
        <test-method signature="tc01_addOneProduct(java.lang.String)[pri:0, instance:TestNgAddProducts@3015db78]" started-at="2024-02-07T23:17:44 IST" name="tc01_addOneProduct" description="Verify adding a product to the cart through main products page" data-provider="getProductNameFromExcel" finished-at="2024-02-07T23:17:45 IST" duration-ms="1083" status="PASS">
          <params>
            <param index="0">
              <value>
                <![CDATA[Test.allTheThings() T-Shirt (Red)]]>
              </value>
            </param>
          </params>
          <reporter-output>
          </reporter-output>
        </test-method> <!-- tc01_addOneProduct -->
        <test-method signature="tc02_addProducts([Ljava.lang.String;)[pri:0, instance:TestNgAddProducts@3015db78]" started-at="2024-02-07T23:17:45 IST" name="tc02_addProducts" description="Verify adding many products to the cart through main products page" data-provider="getProductsName" finished-at="2024-02-07T23:17:45 IST" duration-ms="123" status="FAIL">
          <params>
            <param index="0">
              <value>
                <![CDATA[[Ljava.lang.String;@4ddb882]]>
              </value>
            </param>
          </params>
          <exception class="org.openqa.selenium.NoSuchElementException">
            <message>
              <![CDATA[no such element: Unable to locate element: {"method":"css selector","selector":".btn_primary"}
  (Session info: chrome=121.0.6167.160)
For documentation on this error, please visit: https://www.selenium.dev/documentation/webdriver/troubleshooting/errors#no-such-element-exception
Build info: version: '4.16.1', revision: '9b4c83354e'
System info: os.name: 'Windows 10', os.arch: 'amd64', os.version: '10.0', java.version: '17.0.6'
Driver info: org.openqa.selenium.chrome.ChromeDriver
Command: [b2b04f959e7bedd9d0cc0f12cdef585e, findChildElement {id=7570F37B09DDACF2B3C5218478CF3477_element_218, using=css selector, value=.btn_primary}]
Capabilities {acceptInsecureCerts: false, browserName: chrome, browserVersion: 121.0.6167.160, chrome: {chromedriverVersion: 121.0.6167.85 (3f98d690ad7e..., userDataDir: C:\Users\barse\AppData\Loca...}, fedcm:accounts: true, goog:chromeOptions: {debuggerAddress: localhost:53485}, networkConnectionEnabled: false, pageLoadStrategy: normal, platformName: windows, proxy: Proxy(), se:cdp: ws://localhost:53485/devtoo..., se:cdpVersion: 121.0.6167.160, setWindowRect: true, strictFileInteractability: false, timeouts: {implicit: 0, pageLoad: 300000, script: 30000}, unhandledPromptBehavior: dismiss and notify, webauthn:extension:credBlob: true, webauthn:extension:largeBlob: true, webauthn:extension:minPinLength: true, webauthn:extension:prf: true, webauthn:virtualAuthenticators: true}
Session ID: b2b04f959e7bedd9d0cc0f12cdef585e]]>
            </message>
            <full-stacktrace>
              <![CDATA[org.openqa.selenium.NoSuchElementException: no such element: Unable to locate element: {"method":"css selector","selector":".btn_primary"}
  (Session info: chrome=121.0.6167.160)
For documentation on this error, please visit: https://www.selenium.dev/documentation/webdriver/troubleshooting/errors#no-such-element-exception
Build info: version: '4.16.1', revision: '9b4c83354e'
System info: os.name: 'Windows 10', os.arch: 'amd64', os.version: '10.0', java.version: '17.0.6'
Driver info: org.openqa.selenium.chrome.ChromeDriver
Command: [b2b04f959e7bedd9d0cc0f12cdef585e, findChildElement {id=7570F37B09DDACF2B3C5218478CF3477_element_218, using=css selector, value=.btn_primary}]
Capabilities {acceptInsecureCerts: false, browserName: chrome, browserVersion: 121.0.6167.160, chrome: {chromedriverVersion: 121.0.6167.85 (3f98d690ad7e..., userDataDir: C:\Users\barse\AppData\Loca...}, fedcm:accounts: true, goog:chromeOptions: {debuggerAddress: localhost:53485}, networkConnectionEnabled: false, pageLoadStrategy: normal, platformName: windows, proxy: Proxy(), se:cdp: ws://localhost:53485/devtoo..., se:cdpVersion: 121.0.6167.160, setWindowRect: true, strictFileInteractability: false, timeouts: {implicit: 0, pageLoad: 300000, script: 30000}, unhandledPromptBehavior: dismiss and notify, webauthn:extension:credBlob: true, webauthn:extension:largeBlob: true, webauthn:extension:minPinLength: true, webauthn:extension:prf: true, webauthn:virtualAuthenticators: true}
Session ID: b2b04f959e7bedd9d0cc0f12cdef585e
at java.base/jdk.internal.reflect.NativeConstructorAccessorImpl.newInstance0(Native Method)
at java.base/jdk.internal.reflect.NativeConstructorAccessorImpl.newInstance(NativeConstructorAccessorImpl.java:77)
at java.base/jdk.internal.reflect.DelegatingConstructorAccessorImpl.newInstance(DelegatingConstructorAccessorImpl.java:45)
at java.base/java.lang.reflect.Constructor.newInstanceWithCaller(Constructor.java:499)
at java.base/java.lang.reflect.Constructor.newInstance(Constructor.java:480)
at org.openqa.selenium.remote.codec.w3c.W3CHttpResponseCodec.createException(W3CHttpResponseCodec.java:200)
at org.openqa.selenium.remote.codec.w3c.W3CHttpResponseCodec.decode(W3CHttpResponseCodec.java:133)
at org.openqa.selenium.remote.codec.w3c.W3CHttpResponseCodec.decode(W3CHttpResponseCodec.java:52)
at org.openqa.selenium.remote.HttpCommandExecutor.execute(HttpCommandExecutor.java:191)
at org.openqa.selenium.remote.service.DriverCommandExecutor.invokeExecute(DriverCommandExecutor.java:200)
at org.openqa.selenium.remote.service.DriverCommandExecutor.execute(DriverCommandExecutor.java:175)
at org.openqa.selenium.remote.RemoteWebDriver.execute(RemoteWebDriver.java:523)
at org.openqa.selenium.remote.ElementLocation$ElementFinder$2.findElement(ElementLocation.java:165)
at org.openqa.selenium.remote.ElementLocation.findElement(ElementLocation.java:59)
at org.openqa.selenium.remote.RemoteWebDriver.findElement(RemoteWebDriver.java:360)
at org.openqa.selenium.remote.RemoteWebElement.findElement(RemoteWebElement.java:212)
at pageObjects.ProductPage.addToCart(ProductPage.java:51)
at TestNgAddProducts.tc02_addProducts(TestNgAddProducts.java:51)
at java.base/jdk.internal.reflect.NativeMethodAccessorImpl.invoke0(Native Method)
at java.base/jdk.internal.reflect.NativeMethodAccessorImpl.invoke(NativeMethodAccessorImpl.java:77)
at java.base/jdk.internal.reflect.DelegatingMethodAccessorImpl.invoke(DelegatingMethodAccessorImpl.java:43)
at java.base/java.lang.reflect.Method.invoke(Method.java:568)
at org.testng.internal.invokers.MethodInvocationHelper.invokeMethod(MethodInvocationHelper.java:139)
at org.testng.internal.invokers.TestInvoker.invokeMethod(TestInvoker.java:664)
at org.testng.internal.invokers.TestInvoker.invokeTestMethod(TestInvoker.java:228)
at org.testng.internal.invokers.MethodRunner.runInSequence(MethodRunner.java:63)
at org.testng.internal.invokers.TestInvoker$MethodInvocationAgent.invoke(TestInvoker.java:961)
at org.testng.internal.invokers.TestInvoker.invokeTestMethods(TestInvoker.java:201)
at org.testng.internal.invokers.TestMethodWorker.invokeTestMethods(TestMethodWorker.java:148)
at org.testng.internal.invokers.TestMethodWorker.run(TestMethodWorker.java:128)
at java.base/java.util.ArrayList.forEach(ArrayList.java:1511)
at org.testng.TestRunner.privateRun(TestRunner.java:819)
at org.testng.TestRunner.run(TestRunner.java:619)
at org.testng.SuiteRunner.runTest(SuiteRunner.java:443)
at org.testng.SuiteRunner.runSequentially(SuiteRunner.java:437)
at org.testng.SuiteRunner.privateRun(SuiteRunner.java:397)
at org.testng.SuiteRunner.run(SuiteRunner.java:336)
at org.testng.SuiteRunnerWorker.runSuite(SuiteRunnerWorker.java:52)
at org.testng.SuiteRunnerWorker.run(SuiteRunnerWorker.java:95)
at org.testng.TestNG.runSuitesSequentially(TestNG.java:1301)
at org.testng.TestNG.runSuitesLocally(TestNG.java:1228)
at org.testng.TestNG.runSuites(TestNG.java:1134)
at org.testng.TestNG.run(TestNG.java:1101)
at org.apache.maven.surefire.testng.TestNGExecutor.run(TestNGExecutor.java:308)
at org.apache.maven.surefire.testng.TestNGXmlTestSuite.execute(TestNGXmlTestSuite.java:71)
at org.apache.maven.surefire.testng.TestNGProvider.invoke(TestNGProvider.java:113)
at org.apache.maven.surefire.booter.ForkedBooter.runSuitesInProcess(ForkedBooter.java:385)
at org.apache.maven.surefire.booter.ForkedBooter.execute(ForkedBooter.java:162)
at org.apache.maven.surefire.booter.ForkedBooter.run(ForkedBooter.java:507)
at org.apache.maven.surefire.booter.ForkedBooter.main(ForkedBooter.java:495)
]]>
            </full-stacktrace>
          </exception> <!-- org.openqa.selenium.NoSuchElementException -->
          <reporter-output>
          </reporter-output>
        </test-method> <!-- tc02_addProducts -->
        <test-method signature="tc02_addProducts([Ljava.lang.String;)[pri:0, instance:TestNgAddProducts@3015db78]" started-at="2024-02-07T23:17:45 IST" name="tc02_addProducts" description="Verify adding many products to the cart through main products page" data-provider="getProductsName" finished-at="2024-02-07T23:17:46 IST" duration-ms="267" status="FAIL">
          <params>
            <param index="0">
              <value>
                <![CDATA[[Ljava.lang.String;@15516e5a]]>
              </value>
            </param>
          </params>
          <exception class="org.openqa.selenium.NoSuchElementException">
            <message>
              <![CDATA[no such element: Unable to locate element: {"method":"css selector","selector":".btn_primary"}
  (Session info: chrome=121.0.6167.160)
For documentation on this error, please visit: https://www.selenium.dev/documentation/webdriver/troubleshooting/errors#no-such-element-exception
Build info: version: '4.16.1', revision: '9b4c83354e'
System info: os.name: 'Windows 10', os.arch: 'amd64', os.version: '10.0', java.version: '17.0.6'
Driver info: org.openqa.selenium.chrome.ChromeDriver
Command: [b2b04f959e7bedd9d0cc0f12cdef585e, findChildElement {id=7570F37B09DDACF2B3C5218478CF3477_element_218, using=css selector, value=.btn_primary}]
Capabilities {acceptInsecureCerts: false, browserName: chrome, browserVersion: 121.0.6167.160, chrome: {chromedriverVersion: 121.0.6167.85 (3f98d690ad7e..., userDataDir: C:\Users\barse\AppData\Loca...}, fedcm:accounts: true, goog:chromeOptions: {debuggerAddress: localhost:53485}, networkConnectionEnabled: false, pageLoadStrategy: normal, platformName: windows, proxy: Proxy(), se:cdp: ws://localhost:53485/devtoo..., se:cdpVersion: 121.0.6167.160, setWindowRect: true, strictFileInteractability: false, timeouts: {implicit: 0, pageLoad: 300000, script: 30000}, unhandledPromptBehavior: dismiss and notify, webauthn:extension:credBlob: true, webauthn:extension:largeBlob: true, webauthn:extension:minPinLength: true, webauthn:extension:prf: true, webauthn:virtualAuthenticators: true}
Session ID: b2b04f959e7bedd9d0cc0f12cdef585e]]>
            </message>
            <full-stacktrace>
              <![CDATA[org.openqa.selenium.NoSuchElementException: no such element: Unable to locate element: {"method":"css selector","selector":".btn_primary"}
  (Session info: chrome=121.0.6167.160)
For documentation on this error, please visit: https://www.selenium.dev/documentation/webdriver/troubleshooting/errors#no-such-element-exception
Build info: version: '4.16.1', revision: '9b4c83354e'
System info: os.name: 'Windows 10', os.arch: 'amd64', os.version: '10.0', java.version: '17.0.6'
Driver info: org.openqa.selenium.chrome.ChromeDriver
Command: [b2b04f959e7bedd9d0cc0f12cdef585e, findChildElement {id=7570F37B09DDACF2B3C5218478CF3477_element_218, using=css selector, value=.btn_primary}]
Capabilities {acceptInsecureCerts: false, browserName: chrome, browserVersion: 121.0.6167.160, chrome: {chromedriverVersion: 121.0.6167.85 (3f98d690ad7e..., userDataDir: C:\Users\barse\AppData\Loca...}, fedcm:accounts: true, goog:chromeOptions: {debuggerAddress: localhost:53485}, networkConnectionEnabled: false, pageLoadStrategy: normal, platformName: windows, proxy: Proxy(), se:cdp: ws://localhost:53485/devtoo..., se:cdpVersion: 121.0.6167.160, setWindowRect: true, strictFileInteractability: false, timeouts: {implicit: 0, pageLoad: 300000, script: 30000}, unhandledPromptBehavior: dismiss and notify, webauthn:extension:credBlob: true, webauthn:extension:largeBlob: true, webauthn:extension:minPinLength: true, webauthn:extension:prf: true, webauthn:virtualAuthenticators: true}
Session ID: b2b04f959e7bedd9d0cc0f12cdef585e
at java.base/jdk.internal.reflect.NativeConstructorAccessorImpl.newInstance0(Native Method)
at java.base/jdk.internal.reflect.NativeConstructorAccessorImpl.newInstance(NativeConstructorAccessorImpl.java:77)
at java.base/jdk.internal.reflect.DelegatingConstructorAccessorImpl.newInstance(DelegatingConstructorAccessorImpl.java:45)
at java.base/java.lang.reflect.Constructor.newInstanceWithCaller(Constructor.java:499)
at java.base/java.lang.reflect.Constructor.newInstance(Constructor.java:480)
at org.openqa.selenium.remote.codec.w3c.W3CHttpResponseCodec.createException(W3CHttpResponseCodec.java:200)
at org.openqa.selenium.remote.codec.w3c.W3CHttpResponseCodec.decode(W3CHttpResponseCodec.java:133)
at org.openqa.selenium.remote.codec.w3c.W3CHttpResponseCodec.decode(W3CHttpResponseCodec.java:52)
at org.openqa.selenium.remote.HttpCommandExecutor.execute(HttpCommandExecutor.java:191)
at org.openqa.selenium.remote.service.DriverCommandExecutor.invokeExecute(DriverCommandExecutor.java:200)
at org.openqa.selenium.remote.service.DriverCommandExecutor.execute(DriverCommandExecutor.java:175)
at org.openqa.selenium.remote.RemoteWebDriver.execute(RemoteWebDriver.java:523)
at org.openqa.selenium.remote.ElementLocation$ElementFinder$2.findElement(ElementLocation.java:165)
at org.openqa.selenium.remote.ElementLocation.findElement(ElementLocation.java:59)
at org.openqa.selenium.remote.RemoteWebDriver.findElement(RemoteWebDriver.java:360)
at org.openqa.selenium.remote.RemoteWebElement.findElement(RemoteWebElement.java:212)
at pageObjects.ProductPage.addToCart(ProductPage.java:51)
at TestNgAddProducts.tc02_addProducts(TestNgAddProducts.java:51)
at java.base/jdk.internal.reflect.NativeMethodAccessorImpl.invoke0(Native Method)
at java.base/jdk.internal.reflect.NativeMethodAccessorImpl.invoke(NativeMethodAccessorImpl.java:77)
at java.base/jdk.internal.reflect.DelegatingMethodAccessorImpl.invoke(DelegatingMethodAccessorImpl.java:43)
at java.base/java.lang.reflect.Method.invoke(Method.java:568)
at org.testng.internal.invokers.MethodInvocationHelper.invokeMethod(MethodInvocationHelper.java:139)
at org.testng.internal.invokers.TestInvoker.invokeMethod(TestInvoker.java:664)
at org.testng.internal.invokers.TestInvoker.invokeTestMethod(TestInvoker.java:228)
at org.testng.internal.invokers.MethodRunner.runInSequence(MethodRunner.java:63)
at org.testng.internal.invokers.TestInvoker$MethodInvocationAgent.invoke(TestInvoker.java:961)
at org.testng.internal.invokers.TestInvoker.invokeTestMethods(TestInvoker.java:201)
at org.testng.internal.invokers.TestMethodWorker.invokeTestMethods(TestMethodWorker.java:148)
at org.testng.internal.invokers.TestMethodWorker.run(TestMethodWorker.java:128)
at java.base/java.util.ArrayList.forEach(ArrayList.java:1511)
at org.testng.TestRunner.privateRun(TestRunner.java:819)
at org.testng.TestRunner.run(TestRunner.java:619)
at org.testng.SuiteRunner.runTest(SuiteRunner.java:443)
at org.testng.SuiteRunner.runSequentially(SuiteRunner.java:437)
at org.testng.SuiteRunner.privateRun(SuiteRunner.java:397)
at org.testng.SuiteRunner.run(SuiteRunner.java:336)
at org.testng.SuiteRunnerWorker.runSuite(SuiteRunnerWorker.java:52)
at org.testng.SuiteRunnerWorker.run(SuiteRunnerWorker.java:95)
at org.testng.TestNG.runSuitesSequentially(TestNG.java:1301)
at org.testng.TestNG.runSuitesLocally(TestNG.java:1228)
at org.testng.TestNG.runSuites(TestNG.java:1134)
at org.testng.TestNG.run(TestNG.java:1101)
at org.apache.maven.surefire.testng.TestNGExecutor.run(TestNGExecutor.java:308)
at org.apache.maven.surefire.testng.TestNGXmlTestSuite.execute(TestNGXmlTestSuite.java:71)
at org.apache.maven.surefire.testng.TestNGProvider.invoke(TestNGProvider.java:113)
at org.apache.maven.surefire.booter.ForkedBooter.runSuitesInProcess(ForkedBooter.java:385)
at org.apache.maven.surefire.booter.ForkedBooter.execute(ForkedBooter.java:162)
at org.apache.maven.surefire.booter.ForkedBooter.run(ForkedBooter.java:507)
at org.apache.maven.surefire.booter.ForkedBooter.main(ForkedBooter.java:495)
]]>
            </full-stacktrace>
          </exception> <!-- org.openqa.selenium.NoSuchElementException -->
          <reporter-output>
          </reporter-output>
        </test-method> <!-- tc02_addProducts -->
        <test-method is-config="true" signature="tearDown()[pri:0, instance:TestNgAddProducts@3015db78]" started-at="2024-02-07T23:17:46 IST" name="tearDown" finished-at="2024-02-07T23:17:46 IST" duration-ms="114" status="PASS">
          <reporter-output>
          </reporter-output>
        </test-method> <!-- tearDown -->
      </class> <!-- TestNgAddProducts -->
      <class name="TestNgRemoveProdDetails">
        <test-method is-config="true" signature="setup(org.testng.ITestContext,java.lang.String)[pri:0, instance:TestNgRemoveProdDetails@cb0f763]" started-at="2024-02-07T23:17:10 IST" name="setup" finished-at="2024-02-07T23:17:12 IST" duration-ms="2069" status="PASS">
          <params>
            <param index="0">
              <value>
                <![CDATA[org.testng.TestRunner@4af2f991]]>
              </value>
            </param>
            <param index="1">
              <value>
                <![CDATA[Chrome]]>
              </value>
            </param>
          </params>
          <reporter-output>
          </reporter-output>
        </test-method> <!-- setup -->
        <test-method signature="tc01_removeItem()[pri:0, instance:TestNgRemoveProdDetails@cb0f763]" started-at="2024-02-07T23:17:12 IST" name="tc01_removeItem" description="Verify removing item from Product Details" finished-at="2024-02-07T23:17:13 IST" duration-ms="1315" status="PASS">
          <reporter-output>
          </reporter-output>
        </test-method> <!-- tc01_removeItem -->
        <test-method is-config="true" signature="tearDown()[pri:0, instance:TestNgRemoveProdDetails@cb0f763]" started-at="2024-02-07T23:17:13 IST" name="tearDown" finished-at="2024-02-07T23:17:13 IST" duration-ms="114" status="PASS">
          <reporter-output>
          </reporter-output>
        </test-method> <!-- tearDown -->
      </class> <!-- TestNgRemoveProdDetails -->
      <class name="TestNgAddProductDetails">
        <test-method is-config="true" signature="setup(org.testng.ITestContext,java.lang.String)[pri:0, instance:TestNgAddProductDetails@15fdd1f2]" started-at="2024-02-07T23:17:05 IST" name="setup" finished-at="2024-02-07T23:17:07 IST" duration-ms="2085" status="PASS">
          <params>
            <param index="0">
              <value>
                <![CDATA[org.testng.TestRunner@4af2f991]]>
              </value>
            </param>
            <param index="1">
              <value>
                <![CDATA[Chrome]]>
              </value>
            </param>
          </params>
          <reporter-output>
          </reporter-output>
        </test-method> <!-- setup -->
        <test-method signature="tc01_addProduct()[pri:0, instance:TestNgAddProductDetails@15fdd1f2]" started-at="2024-02-07T23:17:07 IST" name="tc01_addProduct" description="Verify adding a product to the cart through the product window" finished-at="2024-02-07T23:17:09 IST" duration-ms="1493" status="PASS">
          <reporter-output>
          </reporter-output>
        </test-method> <!-- tc01_addProduct -->
        <test-method signature="tc02_addProducts([Ljava.lang.String;)[pri:0, instance:TestNgAddProductDetails@15fdd1f2]" started-at="2024-02-07T23:17:09 IST" name="tc02_addProducts" description="Verify adding a many products to the cart through the product window" data-provider="getProductsName" finished-at="2024-02-07T23:17:10 IST" duration-ms="1046" status="PASS">
          <params>
            <param index="0">
              <value>
                <![CDATA[[Ljava.lang.String;@609ad016]]>
              </value>
            </param>
          </params>
          <reporter-output>
          </reporter-output>
        </test-method> <!-- tc02_addProducts -->
        <test-method is-config="true" signature="tearDown()[pri:0, instance:TestNgAddProductDetails@15fdd1f2]" started-at="2024-02-07T23:17:10 IST" name="tearDown" finished-at="2024-02-07T23:17:10 IST" duration-ms="111" status="PASS">
          <reporter-output>
          </reporter-output>
        </test-method> <!-- tearDown -->
      </class> <!-- TestNgAddProductDetails -->
    </test> <!-- src/test/java -->
  </suite> <!-- All Test Suite -->
</testng-results>
