<?xml version="1.0" encoding="UTF-8"?>
<!-- Generated by org.testng.reporters.JUnitXMLReporter -->
<testsuite ignored="0" hostname="DESKTOP-45APLK9" failures="2" tests="31" name="src/test/java" time="49.581" errors="0" timestamp="2024-02-07T23:17:46 IST">
  <testcase classname="TestNglogIn" name="tc01_failedTestScenario" time="0.957"/>
  <testcase classname="TestNglogIn" name="tc02_failedTestScenario" time="0.412"/>
  <testcase classname="TestNglogIn" name="tc03_failedTestScenario" time="0.459"/>
  <testcase classname="TestNglogIn" name="tc03_failedTestScenario" time="0.449"/>
  <testcase classname="TestNglogIn" name="tc04_successLogin" time="0.442"/>
  <testcase classname="TestNgAddProductDetails" name="tc01_addProduct" time="1.493"/>
  <testcase classname="TestNgAddProductDetails" name="tc02_addProducts" time="1.046"/>
  <testcase classname="TestNgRemoveProdDetails" name="tc01_removeItem" time="1.315"/>
  <testcase classname="TestNgSort" name="tc01_sortProductsByName" time="0.341"/>
  <testcase classname="TestNgSort" name="tc01_sortProductsByName" time="0.249"/>
  <testcase classname="TestNgSort" name="tc02_sortProductsByPrice" time="0.243"/>
  <testcase classname="TestNgSort" name="tc02_sortProductsByPrice" time="0.239"/>
  <testcase classname="TestNgMenu" name="ct05_cleanCartFromProductDetails" time="1.363"/>
  <testcase classname="TestNgMenu" name="tc01_goToAllItemsFromCart" time="0.825"/>
  <testcase classname="TestNgMenu" name="tc02_goToAllItemsFromProductDetails" time="0.815"/>
  <testcase classname="TestNgMenu" name="tc03_goToAllItemsFromProducts" time="0.039"/>
  <testcase classname="TestNgMenu" name="tc04_cleanCartFromFromCartPage" time="1.153"/>
  <testcase classname="TestNgMenu" name="tc06_logOutFromCart" time="0.783"/>
  <testcase classname="TestNgMenu" name="tc07_logOutFromProductDetails" time="1.151"/>
  <testcase classname="TestNgMenu" name="tc08_logOutFromProducts" time="1.089"/>
  <testcase classname="TestNgCheckOutFunctionality" name="tc01_wrongCheckout" time="0.549"/>
  <testcase classname="TestNgCheckOutFunctionality" name="tc02_wrongCheckout" time="0.496"/>
  <testcase classname="TestNgCheckOutFunctionality" name="tc03_wrongCheckout" time="0.509"/>
  <testcase classname="TestNgCheckOutFunctionality" name="tc04_correctCheckout" time="0.54"/>
  <testcase classname="TestNgCheckOutRelability" name="tc01_checkProducts" time="1.226"/>
  <testcase classname="TestNgCheckOutRelability" name="tc02_checkPrice" time="0.711"/>
  <testcase classname="TestNgExamineReceiptEndToEnd" name="tc01_CheakOrderFinish" time="1.134"/>
  <testcase classname="TestNgAddProducts" name="tc01_addOneProduct" time="1.139"/>
  <testcase classname="TestNgAddProducts" name="tc01_addOneProduct" time="1.083"/>
  <testcase classname="TestNgAddProducts" name="tc02_addProducts" time="0.123">
    <failure type="org.openqa.selenium.NoSuchElementException" message="no such element: Unable to locate element: {&amp;quot;method&amp;quot;:&amp;quot;css selector&amp;quot;,&amp;quot;selector&amp;quot;:&amp;quot;.btn_primary&amp;quot;}
  (Session info: chrome=121.0.6167.160)
For documentation on this error, please visit: https://www.selenium.dev/documentation/webdriver/troubleshooting/errors#no-such-element-exception
Build info: version: &amp;apos;4.16.1&amp;apos;, revision: &amp;apos;9b4c83354e&amp;apos;
System info: os.name: &amp;apos;Windows 10&amp;apos;, os.arch: &amp;apos;amd64&amp;apos;, os.version: &amp;apos;10.0&amp;apos;, java.version: &amp;apos;17.0.6&amp;apos;
Driver info: org.openqa.selenium.chrome.ChromeDriver
Command: [b2b04f959e7bedd9d0cc0f12cdef585e, findChildElement {id=7570F37B09DDACF2B3C5218478CF3477_element_218, using=css selector, value=.btn_primary}]
Capabilities {acceptInsecureCerts: false, browserName: chrome, browserVersion: 121.0.6167.160, chrome: {chromedriverVersion: 121.0.6167.85 (3f98d690ad7e..., userDataDir: C:\Users\barse\AppData\Loca...}, fedcm:accounts: true, goog:chromeOptions: {debuggerAddress: localhost:53485}, networkConnectionEnabled: false, pageLoadStrategy: normal, platformName: windows, proxy: Proxy(), se:cdp: ws://localhost:53485/devtoo..., se:cdpVersion: 121.0.6167.160, setWindowRect: true, strictFileInteractability: false, timeouts: {implicit: 0, pageLoad: 300000, script: 30000}, unhandledPromptBehavior: dismiss and notify, webauthn:extension:credBlob: true, webauthn:extension:largeBlob: true, webauthn:extension:minPinLength: true, webauthn:extension:prf: true, webauthn:virtualAuthenticators: true}
Session ID: b2b04f959e7bedd9d0cc0f12cdef585e">
      <![CDATA[org.openqa.selenium.NoSuchElementException: no such element: Unable to locate element: {"method":"css selector","selector":".btn_primary"}
  (Session info: chrome=121.0.6167.160)
For documentation on this error, please visit: https://www.selenium.dev/documentation/webdriver/troubleshooting/errors#no-such-element-exception
Build info: version: '4.16.1', revision: '9b4c83354e'
System info: os.name: 'Windows 10', os.arch: 'amd64', os.version: '10.0', java.version: '17.0.6'
Driver info: org.openqa.selenium.chrome.ChromeDriver
Command: [b2b04f959e7bedd9d0cc0f12cdef585e, findChildElement {id=7570F37B09DDACF2B3C5218478CF3477_element_218, using=css selector, value=.btn_primary}]
Capabilities {acceptInsecureCerts: false, browserName: chrome, browserVersion: 121.0.6167.160, chrome: {chromedriverVersion: 121.0.6167.85 (3f98d690ad7e..., userDataDir: C:\Users\barse\AppData\Loca...}, fedcm:accounts: true, goog:chromeOptions: {debuggerAddress: localhost:53485}, networkConnectionEnabled: false, pageLoadStrategy: normal, platformName: windows, proxy: Proxy(), se:cdp: ws://localhost:53485/devtoo..., se:cdpVersion: 121.0.6167.160, setWindowRect: true, strictFileInteractability: false, timeouts: {implicit: 0, pageLoad: 300000, script: 30000}, unhandledPromptBehavior: dismiss and notify, webauthn:extension:credBlob: true, webauthn:extension:largeBlob: true, webauthn:extension:minPinLength: true, webauthn:extension:prf: true, webauthn:virtualAuthenticators: true}
Session ID: b2b04f959e7bedd9d0cc0f12cdef585e
at org.openqa.selenium.remote.codec.w3c.W3CHttpResponseCodec.createException(W3CHttpResponseCodec.java:200)
at org.openqa.selenium.remote.codec.w3c.W3CHttpResponseCodec.decode(W3CHttpResponseCodec.java:133)
at org.openqa.selenium.remote.codec.w3c.W3CHttpResponseCodec.decode(W3CHttpResponseCodec.java:52)
at org.openqa.selenium.remote.HttpCommandExecutor.execute(HttpCommandExecutor.java:191)
at org.openqa.selenium.remote.service.DriverCommandExecutor.invokeExecute(DriverCommandExecutor.java:200)
at org.openqa.selenium.remote.service.DriverCommandExecutor.execute(DriverCommandExecutor.java:175)
at org.openqa.selenium.remote.RemoteWebDriver.execute(RemoteWebDriver.java:523)
at org.openqa.selenium.remote.ElementLocation$ElementFinder$2.findElement(ElementLocation.java:165)
at org.openqa.selenium.remote.ElementLocation.findElement(ElementLocation.java:59)
at org.openqa.selenium.remote.RemoteWebDriver.findElement(RemoteWebDriver.java:360)
at org.openqa.selenium.remote.RemoteWebElement.findElement(RemoteWebElement.java:212)
at pageObjects.ProductPage.addToCart(ProductPage.java:51)
at TestNgAddProducts.tc02_addProducts(TestNgAddProducts.java:51)
at java.base/java.util.ArrayList.forEach(ArrayList.java:1511)
... Removed 36 stack frames]]>
    </failure>
  </testcase> <!-- tc02_addProducts -->
  <testcase classname="TestNgAddProducts" name="tc02_addProducts" time="0.267">
    <failure type="org.openqa.selenium.NoSuchElementException" message="no such element: Unable to locate element: {&amp;quot;method&amp;quot;:&amp;quot;css selector&amp;quot;,&amp;quot;selector&amp;quot;:&amp;quot;.btn_primary&amp;quot;}
  (Session info: chrome=121.0.6167.160)
For documentation on this error, please visit: https://www.selenium.dev/documentation/webdriver/troubleshooting/errors#no-such-element-exception
Build info: version: &amp;apos;4.16.1&amp;apos;, revision: &amp;apos;9b4c83354e&amp;apos;
System info: os.name: &amp;apos;Windows 10&amp;apos;, os.arch: &amp;apos;amd64&amp;apos;, os.version: &amp;apos;10.0&amp;apos;, java.version: &amp;apos;17.0.6&amp;apos;
Driver info: org.openqa.selenium.chrome.ChromeDriver
Command: [b2b04f959e7bedd9d0cc0f12cdef585e, findChildElement {id=7570F37B09DDACF2B3C5218478CF3477_element_218, using=css selector, value=.btn_primary}]
Capabilities {acceptInsecureCerts: false, browserName: chrome, browserVersion: 121.0.6167.160, chrome: {chromedriverVersion: 121.0.6167.85 (3f98d690ad7e..., userDataDir: C:\Users\barse\AppData\Loca...}, fedcm:accounts: true, goog:chromeOptions: {debuggerAddress: localhost:53485}, networkConnectionEnabled: false, pageLoadStrategy: normal, platformName: windows, proxy: Proxy(), se:cdp: ws://localhost:53485/devtoo..., se:cdpVersion: 121.0.6167.160, setWindowRect: true, strictFileInteractability: false, timeouts: {implicit: 0, pageLoad: 300000, script: 30000}, unhandledPromptBehavior: dismiss and notify, webauthn:extension:credBlob: true, webauthn:extension:largeBlob: true, webauthn:extension:minPinLength: true, webauthn:extension:prf: true, webauthn:virtualAuthenticators: true}
Session ID: b2b04f959e7bedd9d0cc0f12cdef585e">
      <![CDATA[org.openqa.selenium.NoSuchElementException: no such element: Unable to locate element: {"method":"css selector","selector":".btn_primary"}
  (Session info: chrome=121.0.6167.160)
For documentation on this error, please visit: https://www.selenium.dev/documentation/webdriver/troubleshooting/errors#no-such-element-exception
Build info: version: '4.16.1', revision: '9b4c83354e'
System info: os.name: 'Windows 10', os.arch: 'amd64', os.version: '10.0', java.version: '17.0.6'
Driver info: org.openqa.selenium.chrome.ChromeDriver
Command: [b2b04f959e7bedd9d0cc0f12cdef585e, findChildElement {id=7570F37B09DDACF2B3C5218478CF3477_element_218, using=css selector, value=.btn_primary}]
Capabilities {acceptInsecureCerts: false, browserName: chrome, browserVersion: 121.0.6167.160, chrome: {chromedriverVersion: 121.0.6167.85 (3f98d690ad7e..., userDataDir: C:\Users\barse\AppData\Loca...}, fedcm:accounts: true, goog:chromeOptions: {debuggerAddress: localhost:53485}, networkConnectionEnabled: false, pageLoadStrategy: normal, platformName: windows, proxy: Proxy(), se:cdp: ws://localhost:53485/devtoo..., se:cdpVersion: 121.0.6167.160, setWindowRect: true, strictFileInteractability: false, timeouts: {implicit: 0, pageLoad: 300000, script: 30000}, unhandledPromptBehavior: dismiss and notify, webauthn:extension:credBlob: true, webauthn:extension:largeBlob: true, webauthn:extension:minPinLength: true, webauthn:extension:prf: true, webauthn:virtualAuthenticators: true}
Session ID: b2b04f959e7bedd9d0cc0f12cdef585e
at org.openqa.selenium.remote.codec.w3c.W3CHttpResponseCodec.createException(W3CHttpResponseCodec.java:200)
at org.openqa.selenium.remote.codec.w3c.W3CHttpResponseCodec.decode(W3CHttpResponseCodec.java:133)
at org.openqa.selenium.remote.codec.w3c.W3CHttpResponseCodec.decode(W3CHttpResponseCodec.java:52)
at org.openqa.selenium.remote.HttpCommandExecutor.execute(HttpCommandExecutor.java:191)
at org.openqa.selenium.remote.service.DriverCommandExecutor.invokeExecute(DriverCommandExecutor.java:200)
at org.openqa.selenium.remote.service.DriverCommandExecutor.execute(DriverCommandExecutor.java:175)
at org.openqa.selenium.remote.RemoteWebDriver.execute(RemoteWebDriver.java:523)
at org.openqa.selenium.remote.ElementLocation$ElementFinder$2.findElement(ElementLocation.java:165)
at org.openqa.selenium.remote.ElementLocation.findElement(ElementLocation.java:59)
at org.openqa.selenium.remote.RemoteWebDriver.findElement(RemoteWebDriver.java:360)
at org.openqa.selenium.remote.RemoteWebElement.findElement(RemoteWebElement.java:212)
at pageObjects.ProductPage.addToCart(ProductPage.java:51)
at TestNgAddProducts.tc02_addProducts(TestNgAddProducts.java:51)
at java.base/java.util.ArrayList.forEach(ArrayList.java:1511)
... Removed 36 stack frames]]>
    </failure>
  </testcase> <!-- tc02_addProducts -->
</testsuite> <!-- src/test/java -->
