<html>
<head>
<title>TestNG:  src/test/java</title>
<link href="../testng.css" rel="stylesheet" type="text/css" />
<link href="../my-testng.css" rel="stylesheet" type="text/css" />

<style type="text/css">
.log { display: none;} 
.stack-trace { display: none;} 
</style>
<script type="text/javascript">
<!--
function flip(e) {
  current = e.style.display;
  if (current == 'block') {
    e.style.display = 'none';
    return 0;
  }
  else {
    e.style.display = 'block';
    return 1;
  }
}

function toggleBox(szDivId, elem, msg1, msg2)
{
  var res = -1;  if (document.getElementById) {
    res = flip(document.getElementById(szDivId));
  }
  else if (document.all) {
    // this is the way old msie versions work
    res = flip(document.all[szDivId]);
  }
  if(elem) {
    if(res == 0) elem.innerHTML = msg1; else elem.innerHTML = msg2;
  }

}

function toggleAllBoxes() {
  if (document.getElementsByTagName) {
    d = document.getElementsByTagName('div');
    for (i = 0; i < d.length; i++) {
      if (d[i].className == 'log') {
        flip(d[i]);
      }
    }
  }
}

// -->
</script>

</head>
<body>
<h2 align='center'>src/test/java</h2><table border='1' align="center">
<tr>
<td>Tests passed/Failed/Skipped:</td><td>29/2/0</td>
</tr><tr>
<td>Started on:</td><td>Wed Feb 07 23:16:56 IST 2024</td>
</tr>
<tr><td>Total time:</td><td>49 seconds (49581 ms)</td>
</tr><tr>
<td>Included groups:</td><td></td>
</tr><tr>
<td>Excluded groups:</td><td></td>
</tr>
</table><p/>
<small><i>(Hover the method name to see the test class name)</i></small><p/>
<table width='100%' border='1' class='invocation-failed'>
<tr><td colspan='4' align='center'><b>FAILED TESTS</b></td></tr>
<tr><td><b>Test method</b></td>
<td><b>Attribute(s)</b></td>
<td width="30%"><b>Exception</b></td>
<td width="10%"><b>Time (seconds)</b></td>
<td><b>Instance</b></td>
</tr>
<tr>
<td title='TestNgAddProducts.tc02_addProducts()'><b>tc02_addProducts</b><br>Test class: TestNgAddProducts<br>Test method: Verify adding many products to the cart through main products page<br>Parameters: [Ljava.lang.String;@4ddb882</td>
<td><div><pre>org.openqa.selenium.NoSuchElementException: no such element: Unable to locate element: {&quot;method&quot;:&quot;css selector&quot;,&quot;selector&quot;:&quot;.btn_primary&quot;}
  (Session info: chrome=121.0.6167.160)
For documentation on this error, please visit: https://www.selenium.dev/documentation/webdriver/troubleshooting/errors#no-such-element-exception
Build info: version: &apos;4.16.1&apos;, revision: &apos;9b4c83354e&apos;
System info: os.name: &apos;Windows 10&apos;, os.arch: &apos;amd64&apos;, os.version: &apos;10.0&apos;, java.version: &apos;17.0.6&apos;
Driver info: org.openqa.selenium.chrome.ChromeDriver
Command: [b2b04f959e7bedd9d0cc0f12cdef585e, findChildElement {id=7570F37B09DDACF2B3C5218478CF3477_element_218, using=css selector, value=.btn_primary}]
Capabilities {acceptInsecureCerts: false, browserName: chrome, browserVersion: 121.0.6167.160, chrome: {chromedriverVersion: 121.0.6167.85 (3f98d690ad7e..., userDataDir: C:\Users\barse\AppData\Loca...}, fedcm:accounts: true, goog:chromeOptions: {debuggerAddress: localhost:53485}, networkConnectionEnabled: false, pageLoadStrategy: normal, platformName: windows, proxy: Proxy(), se:cdp: ws://localhost:53485/devtoo..., se:cdpVersion: 121.0.6167.160, setWindowRect: true, strictFileInteractability: false, timeouts: {implicit: 0, pageLoad: 300000, script: 30000}, unhandledPromptBehavior: dismiss and notify, webauthn:extension:credBlob: true, webauthn:extension:largeBlob: true, webauthn:extension:minPinLength: true, webauthn:extension:prf: true, webauthn:virtualAuthenticators: true}
Session ID: b2b04f959e7bedd9d0cc0f12cdef585e
	at org.openqa.selenium.remote.codec.w3c.W3CHttpResponseCodec.createException(W3CHttpResponseCodec.java:200)
	at org.openqa.selenium.remote.codec.w3c.W3CHttpResponseCodec.decode(W3CHttpResponseCodec.java:133)
	at org.openqa.selenium.remote.codec.w3c.W3CHttpResponseCodec.decode(W3CHttpResponseCodec.java:52)
	at org.openqa.selenium.remote.HttpCommandExecutor.execute(HttpCommandExecutor.java:191)
	at org.openqa.selenium.remote.service.DriverCommandExecutor.invokeExecute(DriverCommandExecutor.java:200)
	at org.openqa.selenium.remote.service.DriverCommandExecutor.execute(DriverCommandExecutor.java:175)
	at org.openqa.selenium.remote.RemoteWebDriver.execute(RemoteWebDriver.java:523)
	at org.openqa.selenium.remote.ElementLocation$ElementFinder$2.findElement(ElementLocation.java:165)
	at org.openqa.selenium.remote.ElementLocation.findElement(ElementLocation.java:59)
	at org.openqa.selenium.remote.RemoteWebDriver.findElement(RemoteWebDriver.java:360)
	at org.openqa.selenium.remote.RemoteWebElement.findElement(RemoteWebElement.java:212)
	at pageObjects.ProductPage.addToCart(ProductPage.java:51)
	at TestNgAddProducts.tc02_addProducts(TestNgAddProducts.java:51)
	at java.base/java.util.ArrayList.forEach(ArrayList.java:1511)
... Removed 36 stack frames</pre></div><a href='#' onClick='toggleBox("stack-trace1197413402", this, "Click to show all stack frames", "Click to hide stack frames")'>Click to show all stack frames</a>
<div class='stack-trace' id='stack-trace1197413402'><pre>org.openqa.selenium.NoSuchElementException: no such element: Unable to locate element: {&quot;method&quot;:&quot;css selector&quot;,&quot;selector&quot;:&quot;.btn_primary&quot;}
  (Session info: chrome=121.0.6167.160)
For documentation on this error, please visit: https://www.selenium.dev/documentation/webdriver/troubleshooting/errors#no-such-element-exception
Build info: version: &apos;4.16.1&apos;, revision: &apos;9b4c83354e&apos;
System info: os.name: &apos;Windows 10&apos;, os.arch: &apos;amd64&apos;, os.version: &apos;10.0&apos;, java.version: &apos;17.0.6&apos;
Driver info: org.openqa.selenium.chrome.ChromeDriver
Command: [b2b04f959e7bedd9d0cc0f12cdef585e, findChildElement {id=7570F37B09DDACF2B3C5218478CF3477_element_218, using=css selector, value=.btn_primary}]
Capabilities {acceptInsecureCerts: false, browserName: chrome, browserVersion: 121.0.6167.160, chrome: {chromedriverVersion: 121.0.6167.85 (3f98d690ad7e..., userDataDir: C:\Users\barse\AppData\Loca...}, fedcm:accounts: true, goog:chromeOptions: {debuggerAddress: localhost:53485}, networkConnectionEnabled: false, pageLoadStrategy: normal, platformName: windows, proxy: Proxy(), se:cdp: ws://localhost:53485/devtoo..., se:cdpVersion: 121.0.6167.160, setWindowRect: true, strictFileInteractability: false, timeouts: {implicit: 0, pageLoad: 300000, script: 30000}, unhandledPromptBehavior: dismiss and notify, webauthn:extension:credBlob: true, webauthn:extension:largeBlob: true, webauthn:extension:minPinLength: true, webauthn:extension:prf: true, webauthn:virtualAuthenticators: true}
Session ID: b2b04f959e7bedd9d0cc0f12cdef585e
	at java.base/jdk.internal.reflect.NativeConstructorAccessorImpl.newInstance0(Native Method)
	at java.base/jdk.internal.reflect.NativeConstructorAccessorImpl.newInstance(NativeConstructorAccessorImpl.java:77)
	at java.base/jdk.internal.reflect.DelegatingConstructorAccessorImpl.newInstance(DelegatingConstructorAccessorImpl.java:45)
	at java.base/java.lang.reflect.Constructor.newInstanceWithCaller(Constructor.java:499)
	at java.base/java.lang.reflect.Constructor.newInstance(Constructor.java:480)
	at org.openqa.selenium.remote.codec.w3c.W3CHttpResponseCodec.createException(W3CHttpResponseCodec.java:200)
	at org.openqa.selenium.remote.codec.w3c.W3CHttpResponseCodec.decode(W3CHttpResponseCodec.java:133)
	at org.openqa.selenium.remote.codec.w3c.W3CHttpResponseCodec.decode(W3CHttpResponseCodec.java:52)
	at org.openqa.selenium.remote.HttpCommandExecutor.execute(HttpCommandExecutor.java:191)
	at org.openqa.selenium.remote.service.DriverCommandExecutor.invokeExecute(DriverCommandExecutor.java:200)
	at org.openqa.selenium.remote.service.DriverCommandExecutor.execute(DriverCommandExecutor.java:175)
	at org.openqa.selenium.remote.RemoteWebDriver.execute(RemoteWebDriver.java:523)
	at org.openqa.selenium.remote.ElementLocation$ElementFinder$2.findElement(ElementLocation.java:165)
	at org.openqa.selenium.remote.ElementLocation.findElement(ElementLocation.java:59)
	at org.openqa.selenium.remote.RemoteWebDriver.findElement(RemoteWebDriver.java:360)
	at org.openqa.selenium.remote.RemoteWebElement.findElement(RemoteWebElement.java:212)
	at pageObjects.ProductPage.addToCart(ProductPage.java:51)
	at TestNgAddProducts.tc02_addProducts(TestNgAddProducts.java:51)
	at java.base/jdk.internal.reflect.NativeMethodAccessorImpl.invoke0(Native Method)
	at java.base/jdk.internal.reflect.NativeMethodAccessorImpl.invoke(NativeMethodAccessorImpl.java:77)
	at java.base/jdk.internal.reflect.DelegatingMethodAccessorImpl.invoke(DelegatingMethodAccessorImpl.java:43)
	at java.base/java.lang.reflect.Method.invoke(Method.java:568)
	at org.testng.internal.invokers.MethodInvocationHelper.invokeMethod(MethodInvocationHelper.java:139)
	at org.testng.internal.invokers.TestInvoker.invokeMethod(TestInvoker.java:664)
	at org.testng.internal.invokers.TestInvoker.invokeTestMethod(TestInvoker.java:228)
	at org.testng.internal.invokers.MethodRunner.runInSequence(MethodRunner.java:63)
	at org.testng.internal.invokers.TestInvoker$MethodInvocationAgent.invoke(TestInvoker.java:961)
	at org.testng.internal.invokers.TestInvoker.invokeTestMethods(TestInvoker.java:201)
	at org.testng.internal.invokers.TestMethodWorker.invokeTestMethods(TestMethodWorker.java:148)
	at org.testng.internal.invokers.TestMethodWorker.run(TestMethodWorker.java:128)
	at java.base/java.util.ArrayList.forEach(ArrayList.java:1511)
	at org.testng.TestRunner.privateRun(TestRunner.java:819)
	at org.testng.TestRunner.run(TestRunner.java:619)
	at org.testng.SuiteRunner.runTest(SuiteRunner.java:443)
	at org.testng.SuiteRunner.runSequentially(SuiteRunner.java:437)
	at org.testng.SuiteRunner.privateRun(SuiteRunner.java:397)
	at org.testng.SuiteRunner.run(SuiteRunner.java:336)
	at org.testng.SuiteRunnerWorker.runSuite(SuiteRunnerWorker.java:52)
	at org.testng.SuiteRunnerWorker.run(SuiteRunnerWorker.java:95)
	at org.testng.TestNG.runSuitesSequentially(TestNG.java:1301)
	at org.testng.TestNG.runSuitesLocally(TestNG.java:1228)
	at org.testng.TestNG.runSuites(TestNG.java:1134)
	at org.testng.TestNG.run(TestNG.java:1101)
	at org.apache.maven.surefire.testng.TestNGExecutor.run(TestNGExecutor.java:308)
	at org.apache.maven.surefire.testng.TestNGXmlTestSuite.execute(TestNGXmlTestSuite.java:71)
	at org.apache.maven.surefire.testng.TestNGProvider.invoke(TestNGProvider.java:113)
	at org.apache.maven.surefire.booter.ForkedBooter.runSuitesInProcess(ForkedBooter.java:385)
	at org.apache.maven.surefire.booter.ForkedBooter.execute(ForkedBooter.java:162)
	at org.apache.maven.surefire.booter.ForkedBooter.run(ForkedBooter.java:507)
	at org.apache.maven.surefire.booter.ForkedBooter.main(ForkedBooter.java:495)
</pre></div></td>
<td>0</td>
<td>TestNgAddProducts@3015db78</td></tr>
<tr>
<td title='TestNgAddProducts.tc02_addProducts()'><b>tc02_addProducts</b><br>Test class: TestNgAddProducts<br>Test method: Verify adding many products to the cart through main products page<br>Parameters: [Ljava.lang.String;@15516e5a</td>
<td><div><pre>org.openqa.selenium.NoSuchElementException: no such element: Unable to locate element: {&quot;method&quot;:&quot;css selector&quot;,&quot;selector&quot;:&quot;.btn_primary&quot;}
  (Session info: chrome=121.0.6167.160)
For documentation on this error, please visit: https://www.selenium.dev/documentation/webdriver/troubleshooting/errors#no-such-element-exception
Build info: version: &apos;4.16.1&apos;, revision: &apos;9b4c83354e&apos;
System info: os.name: &apos;Windows 10&apos;, os.arch: &apos;amd64&apos;, os.version: &apos;10.0&apos;, java.version: &apos;17.0.6&apos;
Driver info: org.openqa.selenium.chrome.ChromeDriver
Command: [b2b04f959e7bedd9d0cc0f12cdef585e, findChildElement {id=7570F37B09DDACF2B3C5218478CF3477_element_218, using=css selector, value=.btn_primary}]
Capabilities {acceptInsecureCerts: false, browserName: chrome, browserVersion: 121.0.6167.160, chrome: {chromedriverVersion: 121.0.6167.85 (3f98d690ad7e..., userDataDir: C:\Users\barse\AppData\Loca...}, fedcm:accounts: true, goog:chromeOptions: {debuggerAddress: localhost:53485}, networkConnectionEnabled: false, pageLoadStrategy: normal, platformName: windows, proxy: Proxy(), se:cdp: ws://localhost:53485/devtoo..., se:cdpVersion: 121.0.6167.160, setWindowRect: true, strictFileInteractability: false, timeouts: {implicit: 0, pageLoad: 300000, script: 30000}, unhandledPromptBehavior: dismiss and notify, webauthn:extension:credBlob: true, webauthn:extension:largeBlob: true, webauthn:extension:minPinLength: true, webauthn:extension:prf: true, webauthn:virtualAuthenticators: true}
Session ID: b2b04f959e7bedd9d0cc0f12cdef585e
	at org.openqa.selenium.remote.codec.w3c.W3CHttpResponseCodec.createException(W3CHttpResponseCodec.java:200)
	at org.openqa.selenium.remote.codec.w3c.W3CHttpResponseCodec.decode(W3CHttpResponseCodec.java:133)
	at org.openqa.selenium.remote.codec.w3c.W3CHttpResponseCodec.decode(W3CHttpResponseCodec.java:52)
	at org.openqa.selenium.remote.HttpCommandExecutor.execute(HttpCommandExecutor.java:191)
	at org.openqa.selenium.remote.service.DriverCommandExecutor.invokeExecute(DriverCommandExecutor.java:200)
	at org.openqa.selenium.remote.service.DriverCommandExecutor.execute(DriverCommandExecutor.java:175)
	at org.openqa.selenium.remote.RemoteWebDriver.execute(RemoteWebDriver.java:523)
	at org.openqa.selenium.remote.ElementLocation$ElementFinder$2.findElement(ElementLocation.java:165)
	at org.openqa.selenium.remote.ElementLocation.findElement(ElementLocation.java:59)
	at org.openqa.selenium.remote.RemoteWebDriver.findElement(RemoteWebDriver.java:360)
	at org.openqa.selenium.remote.RemoteWebElement.findElement(RemoteWebElement.java:212)
	at pageObjects.ProductPage.addToCart(ProductPage.java:51)
	at TestNgAddProducts.tc02_addProducts(TestNgAddProducts.java:51)
	at java.base/java.util.ArrayList.forEach(ArrayList.java:1511)
... Removed 36 stack frames</pre></div><a href='#' onClick='toggleBox("stack-trace1016849905", this, "Click to show all stack frames", "Click to hide stack frames")'>Click to show all stack frames</a>
<div class='stack-trace' id='stack-trace1016849905'><pre>org.openqa.selenium.NoSuchElementException: no such element: Unable to locate element: {&quot;method&quot;:&quot;css selector&quot;,&quot;selector&quot;:&quot;.btn_primary&quot;}
  (Session info: chrome=121.0.6167.160)
For documentation on this error, please visit: https://www.selenium.dev/documentation/webdriver/troubleshooting/errors#no-such-element-exception
Build info: version: &apos;4.16.1&apos;, revision: &apos;9b4c83354e&apos;
System info: os.name: &apos;Windows 10&apos;, os.arch: &apos;amd64&apos;, os.version: &apos;10.0&apos;, java.version: &apos;17.0.6&apos;
Driver info: org.openqa.selenium.chrome.ChromeDriver
Command: [b2b04f959e7bedd9d0cc0f12cdef585e, findChildElement {id=7570F37B09DDACF2B3C5218478CF3477_element_218, using=css selector, value=.btn_primary}]
Capabilities {acceptInsecureCerts: false, browserName: chrome, browserVersion: 121.0.6167.160, chrome: {chromedriverVersion: 121.0.6167.85 (3f98d690ad7e..., userDataDir: C:\Users\barse\AppData\Loca...}, fedcm:accounts: true, goog:chromeOptions: {debuggerAddress: localhost:53485}, networkConnectionEnabled: false, pageLoadStrategy: normal, platformName: windows, proxy: Proxy(), se:cdp: ws://localhost:53485/devtoo..., se:cdpVersion: 121.0.6167.160, setWindowRect: true, strictFileInteractability: false, timeouts: {implicit: 0, pageLoad: 300000, script: 30000}, unhandledPromptBehavior: dismiss and notify, webauthn:extension:credBlob: true, webauthn:extension:largeBlob: true, webauthn:extension:minPinLength: true, webauthn:extension:prf: true, webauthn:virtualAuthenticators: true}
Session ID: b2b04f959e7bedd9d0cc0f12cdef585e
	at java.base/jdk.internal.reflect.NativeConstructorAccessorImpl.newInstance0(Native Method)
	at java.base/jdk.internal.reflect.NativeConstructorAccessorImpl.newInstance(NativeConstructorAccessorImpl.java:77)
	at java.base/jdk.internal.reflect.DelegatingConstructorAccessorImpl.newInstance(DelegatingConstructorAccessorImpl.java:45)
	at java.base/java.lang.reflect.Constructor.newInstanceWithCaller(Constructor.java:499)
	at java.base/java.lang.reflect.Constructor.newInstance(Constructor.java:480)
	at org.openqa.selenium.remote.codec.w3c.W3CHttpResponseCodec.createException(W3CHttpResponseCodec.java:200)
	at org.openqa.selenium.remote.codec.w3c.W3CHttpResponseCodec.decode(W3CHttpResponseCodec.java:133)
	at org.openqa.selenium.remote.codec.w3c.W3CHttpResponseCodec.decode(W3CHttpResponseCodec.java:52)
	at org.openqa.selenium.remote.HttpCommandExecutor.execute(HttpCommandExecutor.java:191)
	at org.openqa.selenium.remote.service.DriverCommandExecutor.invokeExecute(DriverCommandExecutor.java:200)
	at org.openqa.selenium.remote.service.DriverCommandExecutor.execute(DriverCommandExecutor.java:175)
	at org.openqa.selenium.remote.RemoteWebDriver.execute(RemoteWebDriver.java:523)
	at org.openqa.selenium.remote.ElementLocation$ElementFinder$2.findElement(ElementLocation.java:165)
	at org.openqa.selenium.remote.ElementLocation.findElement(ElementLocation.java:59)
	at org.openqa.selenium.remote.RemoteWebDriver.findElement(RemoteWebDriver.java:360)
	at org.openqa.selenium.remote.RemoteWebElement.findElement(RemoteWebElement.java:212)
	at pageObjects.ProductPage.addToCart(ProductPage.java:51)
	at TestNgAddProducts.tc02_addProducts(TestNgAddProducts.java:51)
	at java.base/jdk.internal.reflect.NativeMethodAccessorImpl.invoke0(Native Method)
	at java.base/jdk.internal.reflect.NativeMethodAccessorImpl.invoke(NativeMethodAccessorImpl.java:77)
	at java.base/jdk.internal.reflect.DelegatingMethodAccessorImpl.invoke(DelegatingMethodAccessorImpl.java:43)
	at java.base/java.lang.reflect.Method.invoke(Method.java:568)
	at org.testng.internal.invokers.MethodInvocationHelper.invokeMethod(MethodInvocationHelper.java:139)
	at org.testng.internal.invokers.TestInvoker.invokeMethod(TestInvoker.java:664)
	at org.testng.internal.invokers.TestInvoker.invokeTestMethod(TestInvoker.java:228)
	at org.testng.internal.invokers.MethodRunner.runInSequence(MethodRunner.java:63)
	at org.testng.internal.invokers.TestInvoker$MethodInvocationAgent.invoke(TestInvoker.java:961)
	at org.testng.internal.invokers.TestInvoker.invokeTestMethods(TestInvoker.java:201)
	at org.testng.internal.invokers.TestMethodWorker.invokeTestMethods(TestMethodWorker.java:148)
	at org.testng.internal.invokers.TestMethodWorker.run(TestMethodWorker.java:128)
	at java.base/java.util.ArrayList.forEach(ArrayList.java:1511)
	at org.testng.TestRunner.privateRun(TestRunner.java:819)
	at org.testng.TestRunner.run(TestRunner.java:619)
	at org.testng.SuiteRunner.runTest(SuiteRunner.java:443)
	at org.testng.SuiteRunner.runSequentially(SuiteRunner.java:437)
	at org.testng.SuiteRunner.privateRun(SuiteRunner.java:397)
	at org.testng.SuiteRunner.run(SuiteRunner.java:336)
	at org.testng.SuiteRunnerWorker.runSuite(SuiteRunnerWorker.java:52)
	at org.testng.SuiteRunnerWorker.run(SuiteRunnerWorker.java:95)
	at org.testng.TestNG.runSuitesSequentially(TestNG.java:1301)
	at org.testng.TestNG.runSuitesLocally(TestNG.java:1228)
	at org.testng.TestNG.runSuites(TestNG.java:1134)
	at org.testng.TestNG.run(TestNG.java:1101)
	at org.apache.maven.surefire.testng.TestNGExecutor.run(TestNGExecutor.java:308)
	at org.apache.maven.surefire.testng.TestNGXmlTestSuite.execute(TestNGXmlTestSuite.java:71)
	at org.apache.maven.surefire.testng.TestNGProvider.invoke(TestNGProvider.java:113)
	at org.apache.maven.surefire.booter.ForkedBooter.runSuitesInProcess(ForkedBooter.java:385)
	at org.apache.maven.surefire.booter.ForkedBooter.execute(ForkedBooter.java:162)
	at org.apache.maven.surefire.booter.ForkedBooter.run(ForkedBooter.java:507)
	at org.apache.maven.surefire.booter.ForkedBooter.main(ForkedBooter.java:495)
</pre></div></td>
<td>0</td>
<td>TestNgAddProducts@3015db78</td></tr>
</table><p>
<table width='100%' border='1' class='invocation-passed'>
<tr><td colspan='4' align='center'><b>PASSED TESTS</b></td></tr>
<tr><td><b>Test method</b></td>
<td><b>Attribute(s)</b></td>
<td width="30%"><b>Exception</b></td>
<td width="10%"><b>Time (seconds)</b></td>
<td><b>Instance</b></td>
</tr>
<tr>
<td title='TestNglogIn.tc01_failedTestScenario()'><b>tc01_failedTestScenario</b><br>Test class: TestNglogIn<br>Test method: Verify Appropriate message for applying only password</td>
<td></td>
<td>0</td>
<td>TestNglogIn@769a58e5</td></tr>
<tr>
<td title='TestNgCheckOutFunctionality.tc04_correctCheckout()'><b>tc04_correctCheckout</b><br>Test class: TestNgCheckOutFunctionality<br>Test method: User successfully completes the checkout process</td>
<td></td>
<td>0</td>
<td>TestNgCheckOutFunctionality@1948ea69</td></tr>
<tr>
<td title='TestNgCheckOutRelability.tc02_checkPrice()'><b>tc02_checkPrice</b><br>Test class: TestNgCheckOutRelability<br>Test method: Check that the final cost is correct</td>
<td></td>
<td>0</td>
<td>TestNgCheckOutRelability@47e4d9d0</td></tr>
<tr>
<td title='TestNglogIn.tc03_failedTestScenario()'><b>tc03_failedTestScenario</b><br>Test class: TestNglogIn<br>Test method: Verify Appropriate message for applying wrong email or username<br>Parameters: gal, 123456878</td>
<td></td>
<td>0</td>
<td>TestNglogIn@769a58e5</td></tr>
<tr>
<td title='TestNgMenu.tc02_goToAllItemsFromProductDetails()'><b>tc02_goToAllItemsFromProductDetails</b><br>Test class: TestNgMenu<br>Test method: Verify navigating from Product Details to All Items</td>
<td></td>
<td>0</td>
<td>TestNgMenu@51b1a8f6</td></tr>
<tr>
<td title='TestNglogIn.tc02_failedTestScenario()'><b>tc02_failedTestScenario</b><br>Test class: TestNglogIn<br>Test method: Verify Appropriate message for applying only userName</td>
<td></td>
<td>0</td>
<td>TestNglogIn@769a58e5</td></tr>
<tr>
<td title='TestNgMenu.ct05_cleanCartFromProductDetails()'><b>ct05_cleanCartFromProductDetails</b><br>Test class: TestNgMenu<br>Test method: Verify cleaning cart from Product Details</td>
<td></td>
<td>1</td>
<td>TestNgMenu@51b1a8f6</td></tr>
<tr>
<td title='TestNgAddProductDetails.tc01_addProduct()'><b>tc01_addProduct</b><br>Test class: TestNgAddProductDetails<br>Test method: Verify adding a product to the cart through the product window</td>
<td></td>
<td>1</td>
<td>TestNgAddProductDetails@15fdd1f2</td></tr>
<tr>
<td title='TestNgMenu.tc06_logOutFromCart()'><b>tc06_logOutFromCart</b><br>Test class: TestNgMenu<br>Test method: Verify logout functionality from Cart</td>
<td></td>
<td>0</td>
<td>TestNgMenu@51b1a8f6</td></tr>
<tr>
<td title='TestNgAddProductDetails.tc02_addProducts()'><b>tc02_addProducts</b><br>Test class: TestNgAddProductDetails<br>Test method: Verify adding a many products to the cart through the product window<br>Parameters: [Ljava.lang.String;@609ad016</td>
<td></td>
<td>1</td>
<td>TestNgAddProductDetails@15fdd1f2</td></tr>
<tr>
<td title='TestNglogIn.tc04_successLogin()'><b>tc04_successLogin</b><br>Test class: TestNglogIn<br>Test method: Verify successful login with correct login information</td>
<td></td>
<td>0</td>
<td>TestNglogIn@769a58e5</td></tr>
<tr>
<td title='TestNgSort.tc02_sortProductsByPrice()'><b>tc02_sortProductsByPrice</b><br>Test class: TestNgSort<br>Test method: As a User when I Sort The Products By Their Price. from high lo low and from low to high<br>Parameters: Price</td>
<td></td>
<td>0</td>
<td>TestNgSort@7573e12f</td></tr>
<tr>
<td title='TestNgMenu.tc04_cleanCartFromFromCartPage()'><b>tc04_cleanCartFromFromCartPage</b><br>Test class: TestNgMenu<br>Test method: Verify cleaning cart from Cart Page</td>
<td></td>
<td>1</td>
<td>TestNgMenu@51b1a8f6</td></tr>
<tr>
<td title='TestNgCheckOutFunctionality.tc01_wrongCheckout()'><b>tc01_wrongCheckout</b><br>Test class: TestNgCheckOutFunctionality<br>Test method: User cannot proceed with checkout without providing a First Name</td>
<td></td>
<td>0</td>
<td>TestNgCheckOutFunctionality@1948ea69</td></tr>
<tr>
<td title='TestNgSort.tc01_sortProductsByName()'><b>tc01_sortProductsByName</b><br>Test class: TestNgSort<br>Test method: As a User when I Sort The Products By Their Names. alphbetical and reverse<br>Parameters: Name</td>
<td></td>
<td>0</td>
<td>TestNgSort@7573e12f</td></tr>
<tr>
<td title='TestNgCheckOutRelability.tc01_checkProducts()'><b>tc01_checkProducts</b><br>Test class: TestNgCheckOutRelability<br>Test method: Check that the products ordered are exactly the ones inside the receipt <br>Parameters: [Ljava.lang.String;@2c66be14</td>
<td></td>
<td>1</td>
<td>TestNgCheckOutRelability@47e4d9d0</td></tr>
<tr>
<td title='TestNgRemoveProdDetails.tc01_removeItem()'><b>tc01_removeItem</b><br>Test class: TestNgRemoveProdDetails<br>Test method: Verify removing item from Product Details</td>
<td></td>
<td>1</td>
<td>TestNgRemoveProdDetails@cb0f763</td></tr>
<tr>
<td title='TestNgSort.tc02_sortProductsByPrice()'><b>tc02_sortProductsByPrice</b><br>Test class: TestNgSort<br>Test method: As a User when I Sort The Products By Their Price. from high lo low and from low to high<br>Parameters: PriceRev</td>
<td></td>
<td>0</td>
<td>TestNgSort@7573e12f</td></tr>
<tr>
<td title='TestNgSort.tc01_sortProductsByName()'><b>tc01_sortProductsByName</b><br>Test class: TestNgSort<br>Test method: As a User when I Sort The Products By Their Names. alphbetical and reverse<br>Parameters: NameRev</td>
<td></td>
<td>0</td>
<td>TestNgSort@7573e12f</td></tr>
<tr>
<td title='TestNgAddProducts.tc01_addOneProduct()'><b>tc01_addOneProduct</b><br>Test class: TestNgAddProducts<br>Test method: Verify adding a product to the cart through main products page<br>Parameters: Test.allTheThings() T-Shirt (Red)</td>
<td></td>
<td>1</td>
<td>TestNgAddProducts@3015db78</td></tr>
<tr>
<td title='TestNglogIn.tc03_failedTestScenario()'><b>tc03_failedTestScenario</b><br>Test class: TestNglogIn<br>Test method: Verify Appropriate message for applying wrong email or username<br>Parameters: user1, 123</td>
<td></td>
<td>0</td>
<td>TestNglogIn@769a58e5</td></tr>
<tr>
<td title='TestNgAddProducts.tc01_addOneProduct()'><b>tc01_addOneProduct</b><br>Test class: TestNgAddProducts<br>Test method: Verify adding a product to the cart through main products page<br>Parameters: Sauce Labs Onesie</td>
<td></td>
<td>1</td>
<td>TestNgAddProducts@3015db78</td></tr>
<tr>
<td title='TestNgMenu.tc03_goToAllItemsFromProducts()'><b>tc03_goToAllItemsFromProducts</b><br>Test class: TestNgMenu<br>Test method: Verify navigating to All Items from Products</td>
<td></td>
<td>0</td>
<td>TestNgMenu@51b1a8f6</td></tr>
<tr>
<td title='TestNgCheckOutFunctionality.tc02_wrongCheckout()'><b>tc02_wrongCheckout</b><br>Test class: TestNgCheckOutFunctionality<br>Test method: User cannot proceed with checkout without providing a Last Name</td>
<td></td>
<td>0</td>
<td>TestNgCheckOutFunctionality@1948ea69</td></tr>
<tr>
<td title='TestNgMenu.tc01_goToAllItemsFromCart()'><b>tc01_goToAllItemsFromCart</b><br>Test class: TestNgMenu<br>Test method: Verify navigating from Cart to All Items</td>
<td></td>
<td>0</td>
<td>TestNgMenu@51b1a8f6</td></tr>
<tr>
<td title='TestNgMenu.tc07_logOutFromProductDetails()'><b>tc07_logOutFromProductDetails</b><br>Test class: TestNgMenu<br>Test method: Verify logout functionality from Product Details</td>
<td></td>
<td>1</td>
<td>TestNgMenu@51b1a8f6</td></tr>
<tr>
<td title='TestNgMenu.tc08_logOutFromProducts()'><b>tc08_logOutFromProducts</b><br>Test class: TestNgMenu<br>Test method: Verify logout functionality from Products</td>
<td></td>
<td>1</td>
<td>TestNgMenu@51b1a8f6</td></tr>
<tr>
<td title='TestNgCheckOutFunctionality.tc03_wrongCheckout()'><b>tc03_wrongCheckout</b><br>Test class: TestNgCheckOutFunctionality<br>Test method: User cannot proceed with checkout without providing a Zip Code</td>
<td></td>
<td>0</td>
<td>TestNgCheckOutFunctionality@1948ea69</td></tr>
<tr>
<td title='TestNgExamineReceiptEndToEnd.tc01_CheakOrderFinish()'><b>tc01_CheakOrderFinish</b><br>Test class: TestNgExamineReceiptEndToEnd<br>Test method: Complete a full process of buying a product from start to end<br>Parameters: [Ljava.lang.String;@256edef4</td>
<td></td>
<td>1</td>
<td>TestNgExamineReceiptEndToEnd@49798e84</td></tr>
</table><p>
</body>
</html>